#
# A fatal error has been detected by the Java Runtime Environment:
#
#  EXCEPTION_ACCESS_VIOLATION (0xc0000005) at pc=0x000000005fa3d4f1, pid=2868, tid=0x00000000000017e8
#
# JRE version: Java(TM) SE Runtime Environment (8.0_121-b13) (build 1.8.0_121-b13)
# Java VM: Java HotSpot(TM) 64-Bit Server VM (25.121-b13 mixed mode windows-amd64 compressed oops)
# Problematic frame:
# V  [jvm.dll+0x45d4f1]
#
# Failed to write core dump. Minidumps are not enabled by default on client versions of Windows
#
# If you would like to submit a bug report, please visit:
#   http://bugreport.java.com/bugreport/crash.jsp
#

---------------  T H R E A D  ---------------

Current thread (0x0000000054fbe800):  JavaThread "C2 CompilerThread1" daemon [_thread_in_native, id=6120, stack(0x0000000056820000,0x0000000056920000)]

siginfo: ExceptionCode=0xc0000005, reading address 0x0000004000000014

Registers:
RAX=0x0000000000000011, RBX=0x000000005774dcc0, RCX=0x0000000000000009, RDX=0x0000000000000005
RSP=0x000000005691b8e0, RBP=0x0000000000000110, RSI=0x0000004000000000, RDI=0x000000005765dc30
R8 =0x0000000000000000, R9 =0x0000000000000001, R10=0x0000000000000004, R11=0x000000000000006c
R12=0x0000000056adf7b8, R13=0x0000000000000001, R14=0x000000005fbc1818, R15=0x000000005691ba20
RIP=0x000000005fa3d4f1, EFLAGS=0x0000000000010206

Top of Stack: (sp=0x000000005691b8e0)
0x000000005691b8e0:   0000000000000000 0000000056adf078
0x000000005691b8f0:   000000005691ba20 000000005fbc1818
0x000000005691b900:   0000000000000005 0000000000000005
0x000000005691b910:   0000000056ade700 000000005691ba00
0x000000005691b920:   000000005691ba00 000000005fa50403
0x000000005691b930:   0000000056adf5e0 000000005691b9a0
0x000000005691b940:   0000000000000001 000000005fb14f46
0x000000005691b950:   0000000054f4a100 0000000000000004
0x000000005691b960:   000000005695dae0 0000000000000003
0x000000005691b970:   000000005fc57028 0000000054f4a100
0x000000005691b980:   0000000000000020 000000005695dbb0
0x000000005691b990:   0000000000000000 0000000000000000
0x000000005691b9a0:   0000000000000000 000000005fbc1818
0x000000005691b9b0:   0000000056aefb90 00000000000009f0
0x000000005691b9c0:   00000000000009f0 000000005691e780
0x000000005691b9d0:   000000005691ba49 000000005fa5438b 

Instructions: (pc=0x000000005fa3d4f1)
0x000000005fa3d4d1:   83 ec 40 48 8b f1 48 8b f9 33 ed 48 8b 46 30 45
0x000000005fa3d4e1:   33 d2 33 c9 44 8b 40 4c 44 2b 46 14 44 03 46 10
0x000000005fa3d4f1:   8b 56 14 44 8b 4e 18 48 8b 5e 30 48 3b f7 0f 94
0x000000005fa3d501:   c0 44 2b ca 2b 56 10 88 44 24 30 89 4c 24 28 8b 


Register to memory mapping:

RAX=0x0000000000000011 is an unknown value
RBX=0x000000005774dcc0 is an unknown value
RCX=0x0000000000000009 is an unknown value
RDX=0x0000000000000005 is an unknown value
RSP=0x000000005691b8e0 is pointing into the stack for thread: 0x0000000054fbe800
RBP=0x0000000000000110 is an unknown value
RSI=0x0000004000000000 is an unknown value
RDI=0x000000005765dc30 is an unknown value
R8 =0x0000000000000000 is an unknown value
R9 =0x0000000000000001 is an unknown value
R10=0x0000000000000004 is an unknown value
R11=0x000000000000006c is an unknown value
R12=0x0000000056adf7b8 is an unknown value
R13=0x0000000000000001 is an unknown value
R14=0x000000005fbc1818 is an unknown value
R15=0x000000005691ba20 is pointing into the stack for thread: 0x0000000054fbe800


Stack: [0x0000000056820000,0x0000000056920000],  sp=0x000000005691b8e0,  free space=1006k
Native frames: (J=compiled Java code, j=interpreted, Vv=VM code, C=native code)
V  [jvm.dll+0x45d4f1]
V  [jvm.dll+0x470403]
V  [jvm.dll+0x47438b]
V  [jvm.dll+0x475ae6]
V  [jvm.dll+0x4767d3]
V  [jvm.dll+0x4591e2]
V  [jvm.dll+0xa5ca2]
V  [jvm.dll+0xa65df]
V  [jvm.dll+0x244e1f]
V  [jvm.dll+0x29c69a]
C  [msvcr100.dll+0x21d9f]
C  [msvcr100.dll+0x21e3b]
C  [kernel32.dll+0x1652d]
C  [ntdll.dll+0x2c541]


Current CompileTask:
C2: 972775  978   !   4       java.io.BufferedWriter::write (117 bytes)


---------------  P R O C E S S  ---------------

Java Threads: ( => current thread )
  0x0000000056b09000 JavaThread "Abandoned connection cleanup thread" daemon [_thread_blocked, id=2072, stack(0x0000000057500000,0x0000000057600000)]
  0x000000005696d800 JavaThread "Service Thread" daemon [_thread_blocked, id=6052, stack(0x0000000056f80000,0x0000000057080000)]
  0x0000000056921800 JavaThread "C1 CompilerThread2" daemon [_thread_blocked, id=3484, stack(0x0000000056d60000,0x0000000056e60000)]
=>0x0000000054fbe800 JavaThread "C2 CompilerThread1" daemon [_thread_in_native, id=6120, stack(0x0000000056820000,0x0000000056920000)]
  0x0000000054fba800 JavaThread "C2 CompilerThread0" daemon [_thread_blocked, id=5272, stack(0x00000000566b0000,0x00000000567b0000)]
  0x0000000054fb4000 JavaThread "Attach Listener" daemon [_thread_blocked, id=2860, stack(0x0000000056290000,0x0000000056390000)]
  0x0000000054fb2800 JavaThread "Signal Dispatcher" daemon [_thread_blocked, id=2144, stack(0x0000000056450000,0x0000000056550000)]
  0x0000000054f99000 JavaThread "Finalizer" daemon [_thread_blocked, id=6124, stack(0x0000000055f90000,0x0000000056090000)]
  0x0000000054f52000 JavaThread "Reference Handler" daemon [_thread_blocked, id=5944, stack(0x00000000560d0000,0x00000000561d0000)]
  0x00000000000fd800 JavaThread "main" [_thread_in_native, id=6044, stack(0x00000000022b0000,0x00000000023b0000)]

Other Threads:
  0x0000000054f4a800 VMThread [stack: 0x0000000055e20000,0x0000000055f20000] [id=1876]
  0x00000000569be800 WatcherThread [stack: 0x0000000057170000,0x0000000057270000] [id=5296]

VM state:not at safepoint (normal execution)

VM Mutex/Monitor currently owned by a thread: None

Heap:
 PSYoungGen      total 18944K, used 11452K [0x00000000eb380000, 0x00000000ec880000, 0x0000000100000000)
  eden space 16384K, 54% used [0x00000000eb380000,0x00000000ebc329f8,0x00000000ec380000)
  from space 2560K, 99% used [0x00000000ec600000,0x00000000ec87c820,0x00000000ec880000)
  to   space 2560K, 0% used [0x00000000ec380000,0x00000000ec380000,0x00000000ec600000)
 ParOldGen       total 44032K, used 3014K [0x00000000c1a00000, 0x00000000c4500000, 0x00000000eb380000)
  object space 44032K, 6% used [0x00000000c1a00000,0x00000000c1cf1860,0x00000000c4500000)
 Metaspace       used 7456K, capacity 7544K, committed 7680K, reserved 1056768K
  class space    used 745K, capacity 760K, committed 768K, reserved 1048576K

Card table byte_map: [0x0000000011a40000,0x0000000011c40000] byte_map_base: 0x0000000011433000

Marking Bits: (ParMarkBitMap*) 0x000000005fdfb6d0
 Begin Bits: [0x0000000012490000, 0x0000000013428000)
 End Bits:   [0x0000000013428000, 0x00000000143c0000)

Polling page: 0x0000000000150000

CodeCache: size=245760Kb used=3574Kb max_used=3760Kb free=242185Kb
 bounds [0x0000000002680000, 0x0000000002a40000, 0x0000000011680000]
 total_blobs=1221 nmethods=858 adapters=276
 compilation: enabled

Compilation events (10 events):
Event: 972.566 Thread 0x0000000056921800 nmethod 974 0x0000000002886150 code [0x00000000028862a0, 0x0000000002886450]
Event: 972.566 Thread 0x0000000056921800  972   !   3       java.util.TimeZone::clone (28 bytes)
Event: 972.566 Thread 0x0000000056921800 nmethod 972 0x000000000281ff50 code [0x00000000028200e0, 0x0000000002820418]
Event: 972.566 Thread 0x0000000056921800  975       3       java.util.TimeZone::getDefaultRef (32 bytes)
Event: 972.566 Thread 0x0000000056921800 nmethod 975 0x00000000028c1310 code [0x00000000028c1480, 0x00000000028c1648]
Event: 972.568 Thread 0x0000000056921800  976       3       sun.nio.cs.ThreadLocalCoders$2::hasName (43 bytes)
Event: 972.568 Thread 0x0000000056921800 nmethod 976 0x00000000028771d0 code [0x00000000028773a0, 0x0000000002878018]
Event: 972.569 Thread 0x0000000056921800  977       3       java.util.concurrent.atomic.AtomicBoolean::<init> (18 bytes)
Event: 972.570 Thread 0x0000000056921800 nmethod 977 0x000000000284e7d0 code [0x000000000284e940, 0x000000000284eb50]
Event: 972.571 Thread 0x0000000054fbe800  978   !   4       java.io.BufferedWriter::write (117 bytes)

GC Heap History (4 events):
Event: 12.085 GC heap before
{Heap before GC invocations=1 (full 0):
 PSYoungGen      total 18944K, used 16384K [0x00000000eb380000, 0x00000000ec880000, 0x0000000100000000)
  eden space 16384K, 100% used [0x00000000eb380000,0x00000000ec380000,0x00000000ec380000)
  from space 2560K, 0% used [0x00000000ec600000,0x00000000ec600000,0x00000000ec880000)
  to   space 2560K, 0% used [0x00000000ec380000,0x00000000ec380000,0x00000000ec600000)
 ParOldGen       total 44032K, used 0K [0x00000000c1a00000, 0x00000000c4500000, 0x00000000eb380000)
  object space 44032K, 0% used [0x00000000c1a00000,0x00000000c1a00000,0x00000000c4500000)
 Metaspace       used 7201K, capacity 7284K, committed 7424K, reserved 1056768K
  class space    used 744K, capacity 760K, committed 768K, reserved 1048576K
Event: 12.089 GC heap after
Heap after GC invocations=1 (full 0):
 PSYoungGen      total 18944K, used 2553K [0x00000000eb380000, 0x00000000ec880000, 0x0000000100000000)
  eden space 16384K, 0% used [0x00000000eb380000,0x00000000eb380000,0x00000000ec380000)
  from space 2560K, 99% used [0x00000000ec380000,0x00000000ec5fe418,0x00000000ec600000)
  to   space 2560K, 0% used [0x00000000ec600000,0x00000000ec600000,0x00000000ec880000)
 ParOldGen       total 44032K, used 1174K [0x00000000c1a00000, 0x00000000c4500000, 0x00000000eb380000)
  object space 44032K, 2% used [0x00000000c1a00000,0x00000000c1b25860,0x00000000c4500000)
 Metaspace       used 7201K, capacity 7284K, committed 7424K, reserved 1056768K
  class space    used 744K, capacity 760K, committed 768K, reserved 1048576K
}
Event: 592.625 GC heap before
{Heap before GC invocations=2 (full 0):
 PSYoungGen      total 18944K, used 18937K [0x00000000eb380000, 0x00000000ec880000, 0x0000000100000000)
  eden space 16384K, 100% used [0x00000000eb380000,0x00000000ec380000,0x00000000ec380000)
  from space 2560K, 99% used [0x00000000ec380000,0x00000000ec5fe418,0x00000000ec600000)
  to   space 2560K, 0% used [0x00000000ec600000,0x00000000ec600000,0x00000000ec880000)
 ParOldGen       total 44032K, used 1174K [0x00000000c1a00000, 0x00000000c4500000, 0x00000000eb380000)
  object space 44032K, 2% used [0x00000000c1a00000,0x00000000c1b25860,0x00000000c4500000)
 Metaspace       used 7401K, capacity 7476K, committed 7680K, reserved 1056768K
  class space    used 745K, capacity 760K, committed 768K, reserved 1048576K
Event: 592.633 GC heap after
Heap after GC invocations=2 (full 0):
 PSYoungGen      total 18944K, used 2546K [0x00000000eb380000, 0x00000000ec880000, 0x0000000100000000)
  eden space 16384K, 0% used [0x00000000eb380000,0x00000000eb380000,0x00000000ec380000)
  from space 2560K, 99% used [0x00000000ec600000,0x00000000ec87c820,0x00000000ec880000)
  to   space 2560K, 0% used [0x00000000ec380000,0x00000000ec380000,0x00000000ec600000)
 ParOldGen       total 44032K, used 3014K [0x00000000c1a00000, 0x00000000c4500000, 0x00000000eb380000)
  object space 44032K, 6% used [0x00000000c1a00000,0x00000000c1cf1860,0x00000000c4500000)
 Metaspace       used 7401K, capacity 7476K, committed 7680K, reserved 1056768K
  class space    used 745K, capacity 760K, committed 768K, reserved 1048576K
}

Deoptimization events (8 events):
Event: 8.304 Thread 0x0000000056adb800 Uncommon trap: reason=class_check action=maybe_recompile pc=0x00000000027e006c method=java.util.Properties$LineReader.readLine()I @ 62
Event: 8.304 Thread 0x0000000056adb800 Uncommon trap: reason=unstable_if action=reinterpret pc=0x00000000027df094 method=java.util.Properties$LineReader.readLine()I @ 174
Event: 8.304 Thread 0x0000000056adb800 Uncommon trap: reason=class_check action=maybe_recompile pc=0x00000000027e006c method=java.util.Properties$LineReader.readLine()I @ 62
Event: 528.491 Thread 0x0000000056a24000 Uncommon trap: reason=unstable_if action=reinterpret pc=0x0000000002973794 method=java.util.HashMap.containsKey(Ljava/lang/Object;)Z @ 9
Event: 592.634 Thread 0x0000000054f99000 Uncommon trap: reason=unstable_if action=reinterpret pc=0x00000000029bd0cc method=java.lang.ref.ReferenceQueue.remove(J)Ljava/lang/ref/Reference; @ 31
Event: 592.634 Thread 0x0000000056b09000 Uncommon trap: reason=unstable_if action=reinterpret pc=0x00000000029bcfec method=java.lang.ref.ReferenceQueue.remove(J)Ljava/lang/ref/Reference; @ 70
Event: 598.912 Thread 0x0000000056c4b000 Uncommon trap: reason=unstable_if action=reinterpret pc=0x000000000293f3d8 method=com.mysql.jdbc.ResultSetImpl.setRowPositionValidity()V @ 21
Event: 598.912 Thread 0x0000000056c4b000 Uncommon trap: reason=unstable_if action=reinterpret pc=0x00000000029624fc method=com.mysql.jdbc.ResultSetImpl.next()Z @ 77

Internal exceptions (10 events):
Event: 1.038 Thread 0x00000000000fd800 Exception <a 'java/lang/NoSuchMethodError': Method sun.misc.Unsafe.defineClass(Ljava/lang/String;[BII)Ljava/lang/Class; name or signature does not match> (0x00000000eb387ca8) thrown at [C:\re\workspace\8-2-build-windows-amd64-cygwin\jdk8u121\8372\hotspot\
Event: 1.038 Thread 0x00000000000fd800 Exception <a 'java/lang/NoSuchMethodError': Method sun.misc.Unsafe.prefetchRead(Ljava/lang/Object;J)V name or signature does not match> (0x00000000eb387f90) thrown at [C:\re\workspace\8-2-build-windows-amd64-cygwin\jdk8u121\8372\hotspot\src\share\vm\prims
Event: 1.742 Thread 0x00000000000fd800 Exception <a 'java/util/zip/ZipException'> (0x00000000eb3ded00) thrown at [C:\re\workspace\8-2-build-windows-amd64-cygwin\jdk8u121\8372\hotspot\src\share\vm\prims\jni.cpp, line 709]
Event: 1.742 Thread 0x00000000000fd800 Exception <a 'java/security/PrivilegedActionException'> (0x00000000eb3defa0) thrown at [C:\re\workspace\8-2-build-windows-amd64-cygwin\jdk8u121\8372\hotspot\src\share\vm\prims\jvm.cpp, line 1390]
Event: 1.742 Thread 0x00000000000fd800 Exception <a 'java/security/PrivilegedActionException'> (0x00000000eb3df1b0) thrown at [C:\re\workspace\8-2-build-windows-amd64-cygwin\jdk8u121\8372\hotspot\src\share\vm\prims\jvm.cpp, line 1390]
Event: 1.879 Thread 0x00000000000fd800 Exception <a 'java/security/PrivilegedActionException'> (0x00000000eb4b08e8) thrown at [C:\re\workspace\8-2-build-windows-amd64-cygwin\jdk8u121\8372\hotspot\src\share\vm\prims\jvm.cpp, line 1390]
Event: 1.879 Thread 0x00000000000fd800 Exception <a 'java/security/PrivilegedActionException'> (0x00000000eb4b0ce0) thrown at [C:\re\workspace\8-2-build-windows-amd64-cygwin\jdk8u121\8372\hotspot\src\share\vm\prims\jvm.cpp, line 1390]
Event: 1.879 Thread 0x00000000000fd800 Exception <a 'java/security/PrivilegedActionException'> (0x00000000eb4b2c00) thrown at [C:\re\workspace\8-2-build-windows-amd64-cygwin\jdk8u121\8372\hotspot\src\share\vm\prims\jvm.cpp, line 1390]
Event: 1.879 Thread 0x00000000000fd800 Exception <a 'java/security/PrivilegedActionException'> (0x00000000eb4b2ff8) thrown at [C:\re\workspace\8-2-build-windows-amd64-cygwin\jdk8u121\8372\hotspot\src\share\vm\prims\jvm.cpp, line 1390]
Event: 528.491 Thread 0x0000000056a24000 Implicit null exception at 0x0000000002973526 to 0x0000000002973789

Events (10 events):
Event: 967.502 Executing VM operation: RevokeBias done
Event: 967.502 Thread 0x0000000056c4b000 Thread exited: 0x0000000056c4b000
Event: 968.030 Thread 0x0000000056c4b000 Thread added: 0x0000000056c4b000
Event: 968.036 Executing VM operation: RevokeBias
Event: 968.036 Executing VM operation: RevokeBias done
Event: 968.036 Thread 0x0000000056c4b000 Thread exited: 0x0000000056c4b000
Event: 972.565 Thread 0x0000000056c4b000 Thread added: 0x0000000056c4b000
Event: 972.571 Executing VM operation: RevokeBias
Event: 972.571 Executing VM operation: RevokeBias done
Event: 972.572 Thread 0x0000000056c4b000 Thread exited: 0x0000000056c4b000


Dynamic libraries:
0x000000013fc60000 - 0x000000013fc97000 	F:\Java\bin\java.exe
0x0000000077920000 - 0x0000000077ac9000 	C:\Windows\SYSTEM32\ntdll.dll
0x0000000077800000 - 0x000000007791f000 	C:\Windows\system32\kernel32.dll
0x000007fefd7f0000 - 0x000007fefd85b000 	C:\Windows\system32\KERNELBASE.dll
0x000007fefddc0000 - 0x000007fefde9b000 	C:\Windows\system32\ADVAPI32.dll
0x000007feff350000 - 0x000007feff3ef000 	C:\Windows\system32\msvcrt.dll
0x000007feff080000 - 0x000007feff09f000 	C:\Windows\SYSTEM32\sechost.dll
0x000007fefe0a0000 - 0x000007fefe1cd000 	C:\Windows\system32\RPCRT4.dll
0x0000000077700000 - 0x00000000777fa000 	C:\Windows\system32\USER32.dll
0x000007fefdf50000 - 0x000007fefdfb7000 	C:\Windows\system32\GDI32.dll
0x000007feff070000 - 0x000007feff07e000 	C:\Windows\system32\LPK.dll
0x000007feff280000 - 0x000007feff349000 	C:\Windows\system32\USP10.dll
0x000007fefbe10000 - 0x000007fefc004000 	C:\Windows\WinSxS\amd64_microsoft.windows.common-controls_6595b64144ccf1df_6.0.7601.17514_none_fa396087175ac9ac\COMCTL32.dll
0x000007fefdea0000 - 0x000007fefdf11000 	C:\Windows\system32\SHLWAPI.dll
0x000007fefdf20000 - 0x000007fefdf4e000 	C:\Windows\system32\IMM32.DLL
0x000007feff890000 - 0x000007feff999000 	C:\Windows\system32\MSCTF.dll
0x0000000060a30000 - 0x0000000060b02000 	F:\Java\bin\msvcr100.dll
0x000000005f5e0000 - 0x000000005fe7b000 	F:\Java\bin\server\jvm.dll
0x000007feecf90000 - 0x000007feecf99000 	C:\Windows\system32\WSOCK32.dll
0x000007fefef60000 - 0x000007fefefad000 	C:\Windows\system32\WS2_32.dll
0x000007feff3f0000 - 0x000007feff3f8000 	C:\Windows\system32\NSI.dll
0x000007fefb710000 - 0x000007fefb74b000 	C:\Windows\system32\WINMM.dll
0x000007fefc860000 - 0x000007fefc86c000 	C:\Windows\system32\VERSION.dll
0x0000000077af0000 - 0x0000000077af7000 	C:\Windows\system32\PSAPI.DLL
0x0000000062210000 - 0x000000006221f000 	F:\Java\bin\verify.dll
0x00000000621e0000 - 0x0000000062209000 	F:\Java\bin\java.dll
0x0000000061dd0000 - 0x0000000061de6000 	F:\Java\bin\zip.dll
0x000007fefe1d0000 - 0x000007fefef58000 	C:\Windows\system32\SHELL32.dll
0x000007feff680000 - 0x000007feff883000 	C:\Windows\system32\ole32.dll
0x000007fefd700000 - 0x000007fefd70f000 	C:\Windows\system32\profapi.dll
0x0000000061800000 - 0x000000006181a000 	F:\Java\bin\net.dll
0x000007fefcf30000 - 0x000007fefcf85000 	C:\Windows\system32\mswsock.dll
0x000007fefcf20000 - 0x000007fefcf27000 	C:\Windows\System32\wship6.dll
0x000007fefc930000 - 0x000007fefc937000 	C:\Windows\System32\wshtcpip.dll
0x000007fefcdb0000 - 0x000007fefce0b000 	C:\Windows\system32\DNSAPI.dll
0x000007fefb1b0000 - 0x000007fefb1d7000 	C:\Windows\system32\IPHLPAPI.DLL
0x000007fefb1e0000 - 0x000007fefb1eb000 	C:\Windows\system32\WINNSI.DLL
0x000007fef72a0000 - 0x000007fef72a8000 	C:\Windows\system32\rasadhlp.dll
0x000007fefb140000 - 0x000007fefb193000 	C:\Windows\System32\fwpuclnt.dll
0x000007feeb730000 - 0x000007feeb855000 	C:\Windows\system32\dbghelp.dll

VM Arguments:
jvm_args: -Dfile.encoding=UTF-8 
java_command: server.kartu.tik.ServerKartuTIK
java_class_path (initial): F:\Library Jar\commons-codec-1.9.jar;F:\Library Jar\PDFRenderer-0.9.1.jar;F:\Library Jar\PDFRenderer1.4.jar;F:\Library Jar\itextpdf-5.4.3.jar;F:\Library Jar\thumbnailator-0.4.8.jar;F:\NetBeans 8.2\ide\modules\ext\mysql-connector-java-5.1.23-bin.jar;F:\NetBeansProjects\Server Kartu TIK\build\classes
Launcher Type: SUN_STANDARD

Environment Variables:
PATH=C:\ProgramData\Oracle\Java\javapath;C:\Program Files (x86)\Intel\iCLS Client\;C:\Program Files\Intel\iCLS Client\;C:\Windows\system32;C:\Windows;C:\Windows\System32\Wbem;C:\Windows\System32\WindowsPowerShell\v1.0\;C:\Program Files\Intel\Intel(R) Management Engine Components\DAL;C:\Program Files\Intel\Intel(R) Management Engine Components\IPT;C:\Program Files (x86)\Intel\Intel(R) Management Engine Components\DAL;C:\Program Files (x86)\Intel\Intel(R) Management Engine Components\IPT;C:\Windows\system32\config\systemprofile\.dnx\bin;C:\Program Files\Microsoft DNX\Dnvm\;C:\Program Files\Microsoft SQL Server\130\Tools\Binn\
USERNAME=GeolseuDei
OS=Windows_NT
PROCESSOR_IDENTIFIER=Intel64 Family 6 Model 58 Stepping 9, GenuineIntel



---------------  S Y S T E M  ---------------

OS: Windows 7 , 64 bit Build 7601 (6.1.7601.18015)

CPU:total 4 (2 cores per cpu, 2 threads per core) family 6 model 58 stepping 9, cmov, cx8, fxsr, mmx, sse, sse2, sse3, ssse3, sse4.1, sse4.2, popcnt, avx, clmul, erms, ht, tsc, tscinvbit, tscinv

Memory: 4k page, physical 4083196k(1192028k free), swap 13809332k(10330828k free)

vm_info: Java HotSpot(TM) 64-Bit Server VM (25.121-b13) for windows-amd64 JRE (1.8.0_121-b13), built on Dec 12 2016 18:21:36 by "java_re" with MS VC++ 10.0 (VS2010)

time: Thu Mar 09 11:21:29 2017
elapsed time: 972 seconds (0d 0h 16m 12s)

